<?xml version="1.0" encoding="UTF-8"?>
<!-- Generated by org.testng.reporters.JUnitReportReporter -->
<testsuite hostname="Taniya-PC" failures="0" tests="1" name="com.selenium.fd.Data_Driven_FD" time="13.729" errors="0" timestamp="2022-03-26T12:25:28 IST" skipped="0">
  <testcase classname="com.selenium.fd.Data_Driven_FD" name="dataDriven_FD" time="13.729"/>
  <system-out/>
</testsuite> <!-- com.selenium.fd.Data_Driven_FD -->
