<?xml version="1.0" encoding="UTF-8"?>
<!-- Generated by org.testng.reporters.JUnitReportReporter -->
<testsuite hostname="Taniya-PC" failures="0" tests="2" name="com.selenium.testing.BrowserCode_Manager" time="9.529" errors="0" timestamp="2022-03-20T10:05:13 IST" skipped="0">
  <testcase classname="com.selenium.testing.BrowserCode_Manager" name="chrome" time="5.201"/>
  <system-out/>
  <testcase classname="com.selenium.testing.BrowserCode_Manager" name="edge" time="4.328"/>
  <system-out/>
</testsuite> <!-- com.selenium.testing.BrowserCode_Manager -->
