<?xml version="1.0" encoding="UTF-8"?>
<!-- Generated by org.testng.reporters.JUnitReportReporter -->
<testsuite hostname="Taniya-PC" failures="0" tests="2" name="com.selenium.testing.BrowserCode" time="6.841" errors="0" timestamp="2022-03-19T11:18:24 IST" skipped="0">
  <testcase classname="com.selenium.testing.BrowserCode" name="chrome" time="3.851"/>
  <system-out/>
  <testcase classname="com.selenium.testing.BrowserCode" name="edge" time="2.990"/>
  <system-out/>
</testsuite> <!-- com.selenium.testing.BrowserCode -->
