<?xml version="1.0" encoding="UTF-8"?>
<!-- Generated by org.testng.reporters.JUnitReportReporter -->
<testsuite hostname="Taniya-PC" failures="0" tests="3" name="com.selenium.fd.Fixed_Deposite_DataProvider" time="12.578" errors="0" timestamp="2022-03-26T12:55:59 IST" skipped="0">
  <testcase classname="com.selenium.fd.Fixed_Deposite_DataProvider" name="f" time="3.876"/>
  <system-out/>
  <testcase classname="com.selenium.fd.Fixed_Deposite_DataProvider" name="f" time="4.853"/>
  <system-out/>
  <testcase classname="com.selenium.fd.Fixed_Deposite_DataProvider" name="f" time="3.849"/>
  <system-out/>
</testsuite> <!-- com.selenium.fd.Fixed_Deposite_DataProvider -->
