<?xml version="1.0" encoding="UTF-8"?>
<!-- Generated by org.testng.reporters.JUnitReportReporter -->
<testsuite hostname="Taniya-PC" failures="0" tests="2" name="com.selenium.testing.SoftAssert_Code" time="9.320" errors="0" timestamp="2022-03-06T18:47:40 IST" skipped="0">
  <testcase classname="com.selenium.testing.SoftAssert_Code" name="LoginAdmin" time="5.343"/>
  <system-out/>
  <testcase classname="com.selenium.testing.SoftAssert_Code" name="LogOut" time="3.977"/>
  <system-out>
    <![CDATA[Admin test case executed!!]]>
  </system-out>
</testsuite> <!-- com.selenium.testing.SoftAssert_Code -->
