<?xml version="1.0" encoding="UTF-8"?>
<!-- Generated by org.testng.reporters.JUnitReportReporter -->
<testsuite hostname="Taniya-PC" failures="0" tests="3" name="com.zoopla.testng.Test_Scenario_2" time="13.912" errors="0" timestamp="2022-03-11T11:59:45 IST" skipped="0">
  <testcase classname="com.zoopla.testng.Test_Scenario_2" name="TC001" time="5.904"/>
  <system-out/>
  <testcase classname="com.zoopla.testng.Test_Scenario_2" name="TC002" time="5.734"/>
  <system-out/>
  <testcase classname="com.zoopla.testng.Test_Scenario_2" name="TC003" time="2.274"/>
  <system-out/>
</testsuite> <!-- com.zoopla.testng.Test_Scenario_2 -->
