<?xml version="1.0" encoding="UTF-8"?>
<!-- Generated by org.testng.reporters.JUnitReportReporter -->
<testsuite hostname="Taniya-PC" failures="0" tests="5" name="com.selenium.testing.Basic_WebObjects" time="19.267" errors="0" timestamp="2022-03-12T13:54:00 IST" skipped="0">
  <testcase classname="com.selenium.testing.Basic_WebObjects" name="handleTextBox" time="9.047"/>
  <system-out/>
  <testcase classname="com.selenium.testing.Basic_WebObjects" name="handleTextBoxArea" time="3.449"/>
  <system-out/>
  <testcase classname="com.selenium.testing.Basic_WebObjects" name="handleRadioButton" time="3.104"/>
  <system-out/>
  <testcase classname="com.selenium.testing.Basic_WebObjects" name="handleCheckbox" time="0.121"/>
  <system-out/>
  <testcase classname="com.selenium.testing.Basic_WebObjects" name="handledropdownList" time="3.546"/>
  <system-out/>
</testsuite> <!-- com.selenium.testing.Basic_WebObjects -->
