<?xml version="1.0" encoding="UTF-8"?>
<!-- Generated by org.testng.reporters.JUnitReportReporter -->
<testsuite hostname="Taniya-PC" failures="0" tests="4" name="com.selenium.testing.Login_Mutualfund" time="18.275" errors="0" timestamp="2022-03-06T14:07:56 IST" skipped="1">
  <testcase classname="com.selenium.testing.Login_Mutualfund" name="LoginTuser" time="8.997"/>
  <system-out/>
  <testcase classname="com.selenium.testing.Login_Mutualfund" name="LoginJsmith" time="4.843"/>
  <system-out/>
  <testcase classname="com.selenium.testing.Login_Mutualfund" name="LoginInvalidUser" time="4.435"/>
  <system-out/>
  <testcase classname="com.selenium.testing.Login_Mutualfund" name="LoginAdmin">
    <skipped/>
  </testcase> <!-- LoginAdmin -->
  <system-out/>
</testsuite> <!-- com.selenium.testing.Login_Mutualfund -->
