<?xml version="1.0" encoding="UTF-8"?>
<!-- Generated by org.testng.reporters.JUnitReportReporter -->
<testsuite hostname="Taniya-PC" failures="0" tests="3" name="com.selenium.fd.FixedDeposit_Test" time="12.804" errors="0" timestamp="2022-03-26T12:22:55 IST" skipped="0">
  <testcase classname="com.selenium.fd.FixedDeposit_Test" name="fixedDeposit_1lakh" time="5.870"/>
  <system-out/>
  <testcase classname="com.selenium.fd.FixedDeposit_Test" name="fixedDeposit_2lakh" time="3.223"/>
  <system-out/>
  <testcase classname="com.selenium.fd.FixedDeposit_Test" name="fixedDeposit_3lakh" time="3.711"/>
  <system-out/>
</testsuite> <!-- com.selenium.fd.FixedDeposit_Test -->
