<?xml version="1.0" encoding="UTF-8"?>
<!-- Generated by org.testng.reporters.JUnitReportReporter -->
<testsuite hostname="Taniya-PC" failures="0" tests="2" name="com.selenium.testing.HardAssert" time="9.812" errors="0" timestamp="2022-03-06T14:07:56 IST" skipped="0">
  <testcase classname="com.selenium.testing.HardAssert" name="LoginAdmin" time="5.679"/>
  <system-out/>
  <testcase classname="com.selenium.testing.HardAssert" name="LogOut" time="4.133"/>
  <system-out>
    <![CDATA[Admin test case executed!!]]>
  </system-out>
</testsuite> <!-- com.selenium.testing.HardAssert -->
