<?xml version="1.0" encoding="UTF-8"?>
<!-- Generated by org.testng.reporters.JUnitReportReporter -->
<testsuite hostname="Taniya-PC" failures="0" tests="2" name="com.policyx.testNG.Login_Test" time="1.563" errors="0" timestamp="2022-03-08T20:17:12 IST" skipped="0">
  <testcase classname="com.policyx.testNG.Login_Test" name="TS001" time="0.702"/>
  <system-out/>
  <testcase classname="com.policyx.testNG.Login_Test" name="TS002" time="0.861"/>
  <system-out/>
</testsuite> <!-- com.policyx.testNG.Login_Test -->
