<?xml version="1.0" encoding="UTF-8"?>
<!-- Generated by org.testng.reporters.JUnitReportReporter -->
<testsuite skipped="1" hostname="Taniya-PC" name="com.selenium.testing.Login_Mutualfund" tests="4" failures="0" timestamp="2022-04-03T12:33:57 IST" time="16.675" errors="0">
  <testcase name="LoginTuser" time="7.177" classname="com.selenium.testing.Login_Mutualfund"/>
  <system-out/>
  <testcase name="LoginJsmith" time="4.968" classname="com.selenium.testing.Login_Mutualfund"/>
  <system-out/>
  <testcase name="LoginInvalidUser" time="4.530" classname="com.selenium.testing.Login_Mutualfund"/>
  <system-out/>
  <testcase name="LoginAdmin" classname="com.selenium.testing.Login_Mutualfund">
    <skipped/>
  </testcase> <!-- LoginAdmin -->
  <system-out/>
</testsuite> <!-- com.selenium.testing.Login_Mutualfund -->
