<?xml version="1.0" encoding="UTF-8"?>
<!-- Generated by org.testng.reporters.JUnitReportReporter -->
<testsuite skipped="0" hostname="Taniya-PC" name="com.selenium.testing.HardAssert" tests="2" failures="0" timestamp="2022-04-03T12:33:57 IST" time="9.891" errors="0">
  <testcase name="LoginAdmin" time="5.551" classname="com.selenium.testing.HardAssert"/>
  <system-out/>
  <testcase name="LogOut" time="4.340" classname="com.selenium.testing.HardAssert"/>
  <system-out>
    <![CDATA[Admin test case executed!!]]>
  </system-out>
</testsuite> <!-- com.selenium.testing.HardAssert -->
