<?xml version="1.0" encoding="UTF-8"?>
<!-- Generated by org.testng.reporters.JUnitReportReporter -->
<testsuite skipped="0" hostname="Taniya-PC" name="com.selenium.testing.SoftAssert_Code" tests="2" failures="0" timestamp="2022-04-03T12:33:57 IST" time="10.016" errors="0">
  <testcase name="LoginAdmin" time="5.626" classname="com.selenium.testing.SoftAssert_Code"/>
  <system-out/>
  <testcase name="LogOut" time="4.390" classname="com.selenium.testing.SoftAssert_Code"/>
  <system-out>
    <![CDATA[Admin test case executed!!]]>
  </system-out>
</testsuite> <!-- com.selenium.testing.SoftAssert_Code -->
